g:\比特科技\c++\初始c++\1-1更严格的类型转换\x64\debug\vc142.pdb
g:\比特科技\c++\初始c++\1-1更严格的类型转换\x64\debug\vc142.idb
g:\比特科技\c++\初始c++\1-1更严格的类型转换\x64\debug\1-1更严格的类型转换.obj
g:\比特科技\c++\初始c++\1-1更严格的类型转换\x64\debug\1-1更严格的类型转换.ilk
g:\比特科技\c++\初始c++\1-1更严格的类型转换\x64\debug\1-1更严格的类型转换.exe
g:\比特科技\c++\初始c++\1-1更严格的类型转换\x64\debug\1-1更严格的类型转换.pdb
g:\比特科技\c++\初始c++\1-1更严格的类型转换\x64\debug\1-10 函数重载.ilk
g:\比特科技\c++\初始c++\1-1更严格的类型转换\x64\debug\1-2struct 类型的优化.ilk
g:\比特科技\c++\初始c++\1-1更严格的类型转换\x64\debug\1-3三目运算符.ilk
g:\比特科技\c++\初始c++\1-1更严格的类型转换\x64\debug\1-4命名空间.ilk
g:\比特科技\c++\初始c++\1-1更严格的类型转换\x64\debug\1-5using的使用.ilk
g:\比特科技\c++\初始c++\1-1更严格的类型转换\x64\debug\1-7 默认参数.ilk
g:\比特科技\c++\初始c++\1-1更严格的类型转换\x64\debug\1-8 引用.ilk
g:\比特科技\c++\初始c++\1-1更严格的类型转换\x64\debug\1-9内联函数的使用.ilk
g:\比特科技\c++\初始c++\1-1更严格的类型转换\x64\debug\1-10 函数重载.pdb
g:\比特科技\c++\初始c++\1-1更严格的类型转换\x64\debug\1-2struct 类型的优化.pdb
g:\比特科技\c++\初始c++\1-1更严格的类型转换\x64\debug\1-3三目运算符.pdb
g:\比特科技\c++\初始c++\1-1更严格的类型转换\x64\debug\1-4命名空间.pdb
g:\比特科技\c++\初始c++\1-1更严格的类型转换\x64\debug\1-5using的使用.pdb
g:\比特科技\c++\初始c++\1-1更严格的类型转换\x64\debug\1-7 默认参数.pdb
g:\比特科技\c++\初始c++\1-1更严格的类型转换\x64\debug\1-8 引用.pdb
g:\比特科技\c++\初始c++\1-1更严格的类型转换\x64\debug\1-9内联函数的使用.pdb
g:\比特科技\c++\初始c++\1-1更严格的类型转换\x64\debug\1-1更严格的类型转换.tlog\cl.command.1.tlog
g:\比特科技\c++\初始c++\1-1更严格的类型转换\x64\debug\1-1更严格的类型转换.tlog\cl.read.1.tlog
g:\比特科技\c++\初始c++\1-1更严格的类型转换\x64\debug\1-1更严格的类型转换.tlog\cl.write.1.tlog
g:\比特科技\c++\初始c++\1-1更严格的类型转换\x64\debug\1-1更严格的类型转换.tlog\link.command.1.tlog
g:\比特科技\c++\初始c++\1-1更严格的类型转换\x64\debug\1-1更严格的类型转换.tlog\link.read.1.tlog
g:\比特科技\c++\初始c++\1-1更严格的类型转换\x64\debug\1-1更严格的类型转换.tlog\link.write.1.tlog
